Added Component: Designator=C1(CAP 0603)
Add component. Clean all parameters for all variants
Add component (AddParameter): Name = "Fabricant"; Value = "WALSIN"; VariantName = "[No Variations]"
Add component (AddParameter): Name = "Fournisseur"; Value = "Farnell"; VariantName = "[No Variations]"
Add component (AddParameter): Name = "LatestRevisionDate"; Value = "17-Jul-2002"; VariantName = "[No Variations]"
Add component (AddParameter): Name = "LatestRevisionNote"; Value = "Re-released for DXP Platform."; VariantName = "[No Variations]"
Add component (AddParameter): Name = "PackageDescription"; Value = "Radial Cap, Thru-Hole; 2 Leads; 0.3 in Pin Spacing"; VariantName = "[No Variations]"
Add component (AddParameter): Name = "PackageReference"; Value = "RAD-0.3"; VariantName = "[No Variations]"
Add component (AddParameter): Name = "Precision"; Value = "50V X5R"; VariantName = "[No Variations]"
Add component (AddParameter): Name = "Published"; Value = "8-Jun-2000"; VariantName = "[No Variations]"
Add component (AddParameter): Name = "Publisher"; Value = "Altium Limited"; VariantName = "[No Variations]"
Add component (AddParameter): Name = "RefFabricant"; Value = "0805B104K500CT"; VariantName = "[No Variations]"
Add component (AddParameter): Name = "RefFournisseur"; Value = "2496944"; VariantName = "[No Variations]"
Add component (AddParameter): Name = "Type"; Value = "Capacitor"; VariantName = "[No Variations]"
Add component (AddParameter): Name = "Value"; Value = "100nF"; VariantName = "[No Variations]"
Added Component: Designator=C2(CAP 0603)
Add component. Clean all parameters for all variants
Add component (AddParameter): Name = "Fabricant"; Value = "WALSIN"; VariantName = "[No Variations]"
Add component (AddParameter): Name = "Fournisseur"; Value = "Farnell"; VariantName = "[No Variations]"
Add component (AddParameter): Name = "LatestRevisionDate"; Value = "17-Jul-2002"; VariantName = "[No Variations]"
Add component (AddParameter): Name = "LatestRevisionNote"; Value = "Re-released for DXP Platform."; VariantName = "[No Variations]"
Add component (AddParameter): Name = "PackageDescription"; Value = "Radial Cap, Thru-Hole; 2 Leads; 0.3 in Pin Spacing"; VariantName = "[No Variations]"
Add component (AddParameter): Name = "PackageReference"; Value = "RAD-0.3"; VariantName = "[No Variations]"
Add component (AddParameter): Name = "Precision"; Value = "50V X5R"; VariantName = "[No Variations]"
Add component (AddParameter): Name = "Published"; Value = "8-Jun-2000"; VariantName = "[No Variations]"
Add component (AddParameter): Name = "Publisher"; Value = "Altium Limited"; VariantName = "[No Variations]"
Add component (AddParameter): Name = "RefFabricant"; Value = "0805B104K500CT"; VariantName = "[No Variations]"
Add component (AddParameter): Name = "RefFournisseur"; Value = "2496944"; VariantName = "[No Variations]"
Add component (AddParameter): Name = "Type"; Value = "Capacitor"; VariantName = "[No Variations]"
Add component (AddParameter): Name = "Value"; Value = "100nF"; VariantName = "[No Variations]"
Added Component: Designator=C3(CAP 0603)
Add component. Clean all parameters for all variants
Add component (AddParameter): Name = "Fabricant"; Value = "TDK"; VariantName = "[No Variations]"
Add component (AddParameter): Name = "Fournisseur"; Value = "Farnell"; VariantName = "[No Variations]"
Add component (AddParameter): Name = "LatestRevisionDate"; Value = "17-Jul-2002"; VariantName = "[No Variations]"
Add component (AddParameter): Name = "LatestRevisionNote"; Value = "Re-released for DXP Platform."; VariantName = "[No Variations]"
Add component (AddParameter): Name = "PackageDescription"; Value = "Radial Cap, Thru-Hole; 2 Leads; 0.3 in Pin Spacing"; VariantName = "[No Variations]"
Add component (AddParameter): Name = "PackageReference"; Value = "RAD-0.3"; VariantName = "[No Variations]"
Add component (AddParameter): Name = "Precision"; Value = "6,3V X5R"; VariantName = "[No Variations]"
Add component (AddParameter): Name = "Published"; Value = "8-Jun-2000"; VariantName = "[No Variations]"
Add component (AddParameter): Name = "Publisher"; Value = "Altium Limited"; VariantName = "[No Variations]"
Add component (AddParameter): Name = "RefFabricant"; Value = "C2012X5R0J106M/1.25"; VariantName = "[No Variations]"
Add component (AddParameter): Name = "RefFournisseur"; Value = "2309029"; VariantName = "[No Variations]"
Add component (AddParameter): Name = "Value"; Value = "10uF"; VariantName = "[No Variations]"
Added Component: Designator=C4(CAP 0603)
Add component. Clean all parameters for all variants
Add component (AddParameter): Name = "Fabricant"; Value = ""; VariantName = "[No Variations]"
Add component (AddParameter): Name = "Fournisseur"; Value = ""; VariantName = "[No Variations]"
Add component (AddParameter): Name = "LatestRevisionDate"; Value = "17-Jul-2002"; VariantName = "[No Variations]"
Add component (AddParameter): Name = "LatestRevisionNote"; Value = "Re-released for DXP Platform."; VariantName = "[No Variations]"
Add component (AddParameter): Name = "PackageDescription"; Value = "Radial Cap, Thru-Hole; 2 Leads; 0.3 in Pin Spacing"; VariantName = "[No Variations]"
Add component (AddParameter): Name = "PackageReference"; Value = "RAD-0.3"; VariantName = "[No Variations]"
Add component (AddParameter): Name = "Precision"; Value = "6,3V X5R"; VariantName = "[No Variations]"
Add component (AddParameter): Name = "Published"; Value = "8-Jun-2000"; VariantName = "[No Variations]"
Add component (AddParameter): Name = "Publisher"; Value = "Altium Limited"; VariantName = "[No Variations]"
Add component (AddParameter): Name = "RefFabricant"; Value = ""; VariantName = "[No Variations]"
Add component (AddParameter): Name = "RefFournisseur"; Value = ""; VariantName = "[No Variations]"
Add component (AddParameter): Name = "Value"; Value = "1uF"; VariantName = "[No Variations]"
Added Component: Designator=C5(CAP 0603)
Add component. Clean all parameters for all variants
Add component (AddParameter): Name = "Fabricant"; Value = "TDK"; VariantName = "[No Variations]"
Add component (AddParameter): Name = "Fournisseur"; Value = "Farnell"; VariantName = "[No Variations]"
Add component (AddParameter): Name = "LatestRevisionDate"; Value = "17-Jul-2002"; VariantName = "[No Variations]"
Add component (AddParameter): Name = "LatestRevisionNote"; Value = "Re-released for DXP Platform."; VariantName = "[No Variations]"
Add component (AddParameter): Name = "PackageDescription"; Value = "Radial Cap, Thru-Hole; 2 Leads; 0.3 in Pin Spacing"; VariantName = "[No Variations]"
Add component (AddParameter): Name = "PackageReference"; Value = "RAD-0.3"; VariantName = "[No Variations]"
Add component (AddParameter): Name = "Precision"; Value = "6,3V X5R"; VariantName = "[No Variations]"
Add component (AddParameter): Name = "Published"; Value = "8-Jun-2000"; VariantName = "[No Variations]"
Add component (AddParameter): Name = "Publisher"; Value = "Altium Limited"; VariantName = "[No Variations]"
Add component (AddParameter): Name = "RefFabricant"; Value = "C2012X5R0J106M/1.25"; VariantName = "[No Variations]"
Add component (AddParameter): Name = "RefFournisseur"; Value = "2309029"; VariantName = "[No Variations]"
Add component (AddParameter): Name = "Value"; Value = "10uF"; VariantName = "[No Variations]"
Added Component: Designator=C7(CAP 0603)
Add component. Clean all parameters for all variants
Add component (AddParameter): Name = "Fabricant"; Value = "AVX"; VariantName = "[No Variations]"
Add component (AddParameter): Name = "Fournisseur"; Value = "Farnell"; VariantName = "[No Variations]"
Add component (AddParameter): Name = "LatestRevisionDate"; Value = "17-Jul-2002"; VariantName = "[No Variations]"
Add component (AddParameter): Name = "LatestRevisionNote"; Value = "Re-released for DXP Platform."; VariantName = "[No Variations]"
Add component (AddParameter): Name = "PackageDescription"; Value = "Radial Cap, Thru-Hole; 2 Leads; 0.3 in Pin Spacing"; VariantName = "[No Variations]"
Add component (AddParameter): Name = "PackageReference"; Value = "RAD-0.3"; VariantName = "[No Variations]"
Add component (AddParameter): Name = "Published"; Value = "8-Jun-2000"; VariantName = "[No Variations]"
Add component (AddParameter): Name = "Publisher"; Value = "Altium Limited"; VariantName = "[No Variations]"
Add component (AddParameter): Name = "RefFabricant"; Value = "08053C104KAT2A"; VariantName = "[No Variations]"
Add component (AddParameter): Name = "RefFournisseur"; Value = "1740665"; VariantName = "[No Variations]"
Add component (AddParameter): Name = "Value"; Value = "100nF"; VariantName = "[No Variations]"
Added Component: Designator=C8(CAP 0603)
Add component. Clean all parameters for all variants
Add component (AddParameter): Name = "Fabricant"; Value = "MURATA"; VariantName = "[No Variations]"
Add component (AddParameter): Name = "Fournisseur"; Value = "Farnell"; VariantName = "[No Variations]"
Add component (AddParameter): Name = "LatestRevisionDate"; Value = "17-Jul-2002"; VariantName = "[No Variations]"
Add component (AddParameter): Name = "LatestRevisionNote"; Value = "Re-released for DXP Platform."; VariantName = "[No Variations]"
Add component (AddParameter): Name = "PackageDescription"; Value = "Radial Cap, Thru-Hole; 2 Leads; 0.3 in Pin Spacing"; VariantName = "[No Variations]"
Add component (AddParameter): Name = "PackageReference"; Value = "RAD-0.3"; VariantName = "[No Variations]"
Add component (AddParameter): Name = "Published"; Value = "8-Jun-2000"; VariantName = "[No Variations]"
Add component (AddParameter): Name = "Publisher"; Value = "Altium Limited"; VariantName = "[No Variations]"
Add component (AddParameter): Name = "RefFabricant"; Value = "GRM21BR61E475MA12L"; VariantName = "[No Variations]"
Add component (AddParameter): Name = "RefFournisseur"; Value = "2362111"; VariantName = "[No Variations]"
Add component (AddParameter): Name = "Value"; Value = "100pF"; VariantName = "[No Variations]"
Added Component: Designator=C9(CAP 0603)
Add component. Clean all parameters for all variants
Add component (AddParameter): Name = "Fabricant"; Value = "MURATA"; VariantName = "[No Variations]"
Add component (AddParameter): Name = "Fournisseur"; Value = "Farnell"; VariantName = "[No Variations]"
Add component (AddParameter): Name = "LatestRevisionDate"; Value = "17-Jul-2002"; VariantName = "[No Variations]"
Add component (AddParameter): Name = "LatestRevisionNote"; Value = "Re-released for DXP Platform."; VariantName = "[No Variations]"
Add component (AddParameter): Name = "PackageDescription"; Value = "Radial Cap, Thru-Hole; 2 Leads; 0.3 in Pin Spacing"; VariantName = "[No Variations]"
Add component (AddParameter): Name = "PackageReference"; Value = "RAD-0.3"; VariantName = "[No Variations]"
Add component (AddParameter): Name = "Published"; Value = "8-Jun-2000"; VariantName = "[No Variations]"
Add component (AddParameter): Name = "Publisher"; Value = "Altium Limited"; VariantName = "[No Variations]"
Add component (AddParameter): Name = "RefFabricant"; Value = "GRM21BR60J226ME39L"; VariantName = "[No Variations]"
Add component (AddParameter): Name = "RefFournisseur"; Value = "2666555"; VariantName = "[No Variations]"
Add component (AddParameter): Name = "Value"; Value = "100pF"; VariantName = "[No Variations]"
Added Component: Designator=D1(LED 2012)
Add component. Clean all parameters for all variants
Add component (AddParameter): Name = "Fabricant"; Value = "KINGBRIGHT"; VariantName = "[No Variations]"
Add component (AddParameter): Name = "Fournisseur"; Value = "Farnell"; VariantName = "[No Variations]"
Add component (AddParameter): Name = "LatestRevisionDate"; Value = "17-Jul-2002"; VariantName = "[No Variations]"
Add component (AddParameter): Name = "LatestRevisionNote"; Value = "Re-released for DXP Platform."; VariantName = "[No Variations]"
Add component (AddParameter): Name = "PackageDescription"; Value = "SM LED; 2 Flat Leads"; VariantName = "[No Variations]"
Add component (AddParameter): Name = "PackageReference"; Value = "3.2X1.6X1.1"; VariantName = "[No Variations]"
Add component (AddParameter): Name = "PackageVersion"; Value = "Feb-2002"; VariantName = "[No Variations]"
Add component (AddParameter): Name = "Published"; Value = "8-Jun-2000"; VariantName = "[No Variations]"
Add component (AddParameter): Name = "Publisher"; Value = "Altium Limited"; VariantName = "[No Variations]"
Add component (AddParameter): Name = "RefFabricant"; Value = "KPT-2012SGC"; VariantName = "[No Variations]"
Add component (AddParameter): Name = "RefFournisseur"; Value = "2099239"; VariantName = "[No Variations]"
Added Component: Designator=D2(SOD-123F 12 mm)
Add component. Clean all parameters for all variants
Add component (AddParameter): Name = "ComponentLink1Description"; Value = "Manufacturer Link"; VariantName = "[No Variations]"
Add component (AddParameter): Name = "ComponentLink1URL"; Value = "http://www.infineon.com/"; VariantName = "[No Variations]"
Add component (AddParameter): Name = "ComponentLink2Description"; Value = "Datasheet"; VariantName = "[No Variations]"
Add component (AddParameter): Name = "ComponentLink2URL"; Value = "http://www.infineon.com/upload/Document/cmc_upload/documents/009/363/bat17series.pdf"; VariantName = "[No Variations]"
Add component (AddParameter): Name = "DatasheetVersion"; Value = "Oct-1999"; VariantName = "[No Variations]"
Add component (AddParameter): Name = "Fabricant"; Value = "NEXPERIA"; VariantName = "[No Variations]"
Add component (AddParameter): Name = "Fournisseur"; Value = "Farnell"; VariantName = "[No Variations]"
Add component (AddParameter): Name = "LatestRevisionDate"; Value = "29-May-2009"; VariantName = "[No Variations]"
Add component (AddParameter): Name = "LatestRevisionNote"; Value = "IPC-7351 Footprint Added."; VariantName = "[No Variations]"
Add component (AddParameter): Name = "Note"; Value = "Pin 2 is not connected and not drawn."; VariantName = "[No Variations]"
Add component (AddParameter): Name = "PackageDescription"; Value = "3-Pin SOT-23 Package 0.95 mm Pitch, 2.5 mm Lead Span"; VariantName = "[No Variations]"
Add component (AddParameter): Name = "PackageReference"; Value = "SOT-23"; VariantName = "[No Variations]"
Add component (AddParameter): Name = "PackageVersion"; Value = "Sep-2001"; VariantName = "[No Variations]"
Add component (AddParameter): Name = "Published"; Value = "21-Mar-2003"; VariantName = "[No Variations]"
Add component (AddParameter): Name = "Publisher"; Value = "Altium Limited"; VariantName = "[No Variations]"
Add component (AddParameter): Name = "RefFabricant"; Value = "PMEG6010CEH,115"; VariantName = "[No Variations]"
Add component (AddParameter): Name = "RefFournisseur"; Value = "2371113"; VariantName = "[No Variations]"
Added Component: Designator=D3(SMA/DO-214AC_21)
Add component. Clean all parameters for all variants
Add component (AddParameter): Name = "Code_JEDEC"; Value = "DO-214-AB"; VariantName = "[No Variations]"
Add component (AddParameter): Name = "Fabricant"; Value = "VISHAY"; VariantName = "[No Variations]"
Add component (AddParameter): Name = "Fournisseur"; Value = "Farnell"; VariantName = "[No Variations]"
Add component (AddParameter): Name = "LatestRevisionDate"; Value = "17-Jul-2002"; VariantName = "[No Variations]"
Add component (AddParameter): Name = "LatestRevisionNote"; Value = "Re-released for DXP Platform."; VariantName = "[No Variations]"
Add component (AddParameter): Name = "PackageDescription"; Value = "DO-214-AB/SMC; 2 C-Bend Leads; Body 7.9 x 5.9 mm, inc. leads (LxW)"; VariantName = "[No Variations]"
Add component (AddParameter): Name = "PackageReference"; Value = "SMC"; VariantName = "[No Variations]"
Add component (AddParameter): Name = "PackageVersion"; Value = "Sep-1996"; VariantName = "[No Variations]"
Add component (AddParameter): Name = "Published"; Value = "8-Jun-2000"; VariantName = "[No Variations]"
Add component (AddParameter): Name = "Publisher"; Value = "Altium Limited"; VariantName = "[No Variations]"
Add component (AddParameter): Name = "RefFabricant"; Value = "GF1A-E3/67A"; VariantName = "[No Variations]"
Add component (AddParameter): Name = "RefFournisseur"; Value = "9549560"; VariantName = "[No Variations]"
Added Component: Designator=D4(SMA/DO-214AC_21)
Add component. Clean all parameters for all variants
Add component (AddParameter): Name = "Code_JEDEC"; Value = "DO-214-AB"; VariantName = "[No Variations]"
Add component (AddParameter): Name = "Fabricant"; Value = "VISHAY"; VariantName = "[No Variations]"
Add component (AddParameter): Name = "Fournisseur"; Value = "Farnell"; VariantName = "[No Variations]"
Add component (AddParameter): Name = "LatestRevisionDate"; Value = "17-Jul-2002"; VariantName = "[No Variations]"
Add component (AddParameter): Name = "LatestRevisionNote"; Value = "Re-released for DXP Platform."; VariantName = "[No Variations]"
Add component (AddParameter): Name = "PackageDescription"; Value = "DO-214-AB/SMC; 2 C-Bend Leads; Body 7.9 x 5.9 mm, inc. leads (LxW)"; VariantName = "[No Variations]"
Add component (AddParameter): Name = "PackageReference"; Value = "SMC"; VariantName = "[No Variations]"
Add component (AddParameter): Name = "PackageVersion"; Value = "Sep-1996"; VariantName = "[No Variations]"
Add component (AddParameter): Name = "Published"; Value = "8-Jun-2000"; VariantName = "[No Variations]"
Add component (AddParameter): Name = "Publisher"; Value = "Altium Limited"; VariantName = "[No Variations]"
Add component (AddParameter): Name = "RefFabricant"; Value = "GF1A-E3/67A"; VariantName = "[No Variations]"
Add component (AddParameter): Name = "RefFournisseur"; Value = "9549560"; VariantName = "[No Variations]"
Added Component: Designator=J1(RJ12_90)
Add component. Clean all parameters for all variants
Add component (AddParameter): Name = "Fabricant"; Value = "Tyco"; VariantName = "[No Variations]"
Add component (AddParameter): Name = "Fournisseur"; Value = "Farnell"; VariantName = "[No Variations]"
Add component (AddParameter): Name = "RefFabricant"; Value = "1-215876-3"; VariantName = "[No Variations]"
Add component (AddParameter): Name = "RefFournisseur"; Value = "1773039"; VariantName = "[No Variations]"
Added Component: Designator=J2(Header 6 pin)
Add component. Clean all parameters for all variants
Added Component: Designator=j3(Bornier 2 pin)
Add component. Clean all parameters for all variants
Add component (AddParameter): Name = "Fabricant"; Value = "PHOENIX CONTACT"; VariantName = "[No Variations]"
Add component (AddParameter): Name = "Fournisseur"; Value = "Farnell"; VariantName = "[No Variations]"
Add component (AddParameter): Name = "RefFabricant"; Value = "1725656"; VariantName = "[No Variations]"
Add component (AddParameter): Name = "RefFournisseur"; Value = " 3041359"; VariantName = "[No Variations]"
Added Component: Designator=L1(IND)
Add component. Clean all parameters for all variants
Add component (AddParameter): Name = "Code_IEC"; Value = "1005"; VariantName = "[No Variations]"
Add component (AddParameter): Name = "Code_JEITA"; Value = "0402"; VariantName = "[No Variations]"
Add component (AddParameter): Name = "Fabricant"; Value = "COILCRAFT"; VariantName = "[No Variations]"
Add component (AddParameter): Name = "Fournisseur"; Value = "Farnell"; VariantName = "[No Variations]"
Add component (AddParameter): Name = "LatestRevisionDate"; Value = "29-May-2009"; VariantName = "[No Variations]"
Add component (AddParameter): Name = "LatestRevisionNote"; Value = "IPC-7351 Footprint Added."; VariantName = "[No Variations]"
Add component (AddParameter): Name = "PackageDescription"; Value = "Chip Inductor"; VariantName = "[No Variations]"
Add component (AddParameter): Name = "PackageReference"; Value = "0402-A"; VariantName = "[No Variations]"
Add component (AddParameter): Name = "Published"; Value = "8-Jun-2000"; VariantName = "[No Variations]"
Add component (AddParameter): Name = "Publisher"; Value = "Altium Limited"; VariantName = "[No Variations]"
Add component (AddParameter): Name = "RefFabricant"; Value = "MSS1048-333MLC"; VariantName = "[No Variations]"
Add component (AddParameter): Name = "RefFournisseur"; Value = "2288270"; VariantName = "[No Variations]"
Add component (AddParameter): Name = "Value"; Value = "10mH"; VariantName = "[No Variations]"
Added Component: Designator=P1(DC Jack)
Add component. Clean all parameters for all variants
Add component (AddParameter): Name = "Fabricant"; Value = "MULTICOMP"; VariantName = "[No Variations]"
Add component (AddParameter): Name = "Fournisseur"; Value = "Farnell"; VariantName = "[No Variations]"
Add component (AddParameter): Name = "RefFabricant"; Value = "MJ-179PH"; VariantName = "[No Variations]"
Add component (AddParameter): Name = "RefFournisseur"; Value = "1737246"; VariantName = "[No Variations]"
Added Component: Designator=Q1(TO-236AB)
Add component. Clean all parameters for all variants
Add component (AddParameter): Name = "Fabricant"; Value = "NEXPERIA"; VariantName = "[No Variations]"
Add component (AddParameter): Name = "Fournisseur"; Value = "Farnell"; VariantName = "[No Variations]"
Add component (AddParameter): Name = "RefFabricant"; Value = "2N7002,215"; VariantName = "[No Variations]"
Add component (AddParameter): Name = "RefFournisseur"; Value = "1510761"; VariantName = "[No Variations]"
Added Component: Designator=Q2(TO-236AB)
Add component. Clean all parameters for all variants
Add component (AddParameter): Name = "Fabricant"; Value = "NEXPERIA"; VariantName = "[No Variations]"
Add component (AddParameter): Name = "Fournisseur"; Value = "Farnell"; VariantName = "[No Variations]"
Add component (AddParameter): Name = "RefFabricant"; Value = "2N7002,215"; VariantName = "[No Variations]"
Add component (AddParameter): Name = "RefFournisseur"; Value = "1510761"; VariantName = "[No Variations]"
Added Component: Designator=Q3(TO-236AB)
Add component. Clean all parameters for all variants
Add component (AddParameter): Name = "Fabricant"; Value = "NEXPERIA"; VariantName = "[No Variations]"
Add component (AddParameter): Name = "Fournisseur"; Value = "Farnell"; VariantName = "[No Variations]"
Add component (AddParameter): Name = "RefFabricant"; Value = "2N7002,215"; VariantName = "[No Variations]"
Add component (AddParameter): Name = "RefFournisseur"; Value = "1510761"; VariantName = "[No Variations]"
Added Component: Designator=R1(RES 0603)
Add component. Clean all parameters for all variants
Add component (AddParameter): Name = "Fabricant"; Value = "WALSIN"; VariantName = "[No Variations]"
Add component (AddParameter): Name = "Fournisseur"; Value = "Farnell"; VariantName = "[No Variations]"
Add component (AddParameter): Name = "LatestRevisionDate"; Value = "17-Jul-2002"; VariantName = "[No Variations]"
Add component (AddParameter): Name = "LatestRevisionNote"; Value = "Re-released for DXP Platform."; VariantName = "[No Variations]"
Add component (AddParameter): Name = "PackageDescription"; Value = "Axial Device, Thru-Hole; 2 Leads; 0.3 in Pin Spacing"; VariantName = "[No Variations]"
Add component (AddParameter): Name = "PackageReference"; Value = "AXIAL-0.3"; VariantName = "[No Variations]"
Add component (AddParameter): Name = "Precision"; Value = "1%"; VariantName = "[No Variations]"
Add component (AddParameter): Name = "Published"; Value = "8-Jun-2000"; VariantName = "[No Variations]"
Add component (AddParameter): Name = "Publisher"; Value = "Altium Limited"; VariantName = "[No Variations]"
Add component (AddParameter): Name = "RefFabricant"; Value = "WR06X4701FTL"; VariantName = "[No Variations]"
Add component (AddParameter): Name = "RefFournisseur"; Value = "2502463"; VariantName = "[No Variations]"
Add component (AddParameter): Name = "Value"; Value = "1K"; VariantName = "[No Variations]"
Added Component: Designator=R2(RES 0603)
Add component. Clean all parameters for all variants
Add component (AddParameter): Name = "Fabricant"; Value = "WELWYN"; VariantName = "[No Variations]"
Add component (AddParameter): Name = "Fournisseur"; Value = "Farnell"; VariantName = "[No Variations]"
Add component (AddParameter): Name = "LatestRevisionDate"; Value = "17-Jul-2002"; VariantName = "[No Variations]"
Add component (AddParameter): Name = "LatestRevisionNote"; Value = "Re-released for DXP Platform."; VariantName = "[No Variations]"
Add component (AddParameter): Name = "PackageDescription"; Value = "Axial Device, Thru-Hole; 2 Leads; 0.3 in Pin Spacing"; VariantName = "[No Variations]"
Add component (AddParameter): Name = "PackageReference"; Value = "AXIAL-0.3"; VariantName = "[No Variations]"
Add component (AddParameter): Name = "Precision"; Value = "1%"; VariantName = "[No Variations]"
Add component (AddParameter): Name = "Published"; Value = "8-Jun-2000"; VariantName = "[No Variations]"
Add component (AddParameter): Name = "Publisher"; Value = "Altium Limited"; VariantName = "[No Variations]"
Add component (AddParameter): Name = "RefFabricant"; Value = "PCF0805-13-470R-B-T1"; VariantName = "[No Variations]"
Add component (AddParameter): Name = "RefFournisseur"; Value = "1108854"; VariantName = "[No Variations]"
Add component (AddParameter): Name = "Value"; Value = "470R"; VariantName = "[No Variations]"
Added Component: Designator=R3(RES 0603)
Add component. Clean all parameters for all variants
Add component (AddParameter): Name = "Fabricant"; Value = "VISHAY"; VariantName = "[No Variations]"
Add component (AddParameter): Name = "Fournisseur"; Value = "Farnell"; VariantName = "[No Variations]"
Add component (AddParameter): Name = "LatestRevisionDate"; Value = "17-Jul-2002"; VariantName = "[No Variations]"
Add component (AddParameter): Name = "LatestRevisionNote"; Value = "Re-released for DXP Platform."; VariantName = "[No Variations]"
Add component (AddParameter): Name = "PackageDescription"; Value = "Axial Device, Thru-Hole; 2 Leads; 0.3 in Pin Spacing"; VariantName = "[No Variations]"
Add component (AddParameter): Name = "PackageReference"; Value = "AXIAL-0.3"; VariantName = "[No Variations]"
Add component (AddParameter): Name = "Published"; Value = "8-Jun-2000"; VariantName = "[No Variations]"
Add component (AddParameter): Name = "Publisher"; Value = "Altium Limited"; VariantName = "[No Variations]"
Add component (AddParameter): Name = "RefFabricant"; Value = "CRCW040228K0FKED"; VariantName = "[No Variations]"
Add component (AddParameter): Name = "RefFournisseur"; Value = "2140888"; VariantName = "[No Variations]"
Add component (AddParameter): Name = "Value"; Value = "27K"; VariantName = "[No Variations]"
Added Component: Designator=R4(RES 0603)
Add component. Clean all parameters for all variants
Add component (AddParameter): Name = "Fabricant"; Value = "VISHAY"; VariantName = "[No Variations]"
Add component (AddParameter): Name = "Fournisseur"; Value = "Farnell"; VariantName = "[No Variations]"
Add component (AddParameter): Name = "LatestRevisionDate"; Value = "17-Jul-2002"; VariantName = "[No Variations]"
Add component (AddParameter): Name = "LatestRevisionNote"; Value = "Re-released for DXP Platform."; VariantName = "[No Variations]"
Add component (AddParameter): Name = "PackageDescription"; Value = "Axial Device, Thru-Hole; 2 Leads; 0.3 in Pin Spacing"; VariantName = "[No Variations]"
Add component (AddParameter): Name = "PackageReference"; Value = "AXIAL-0.3"; VariantName = "[No Variations]"
Add component (AddParameter): Name = "Published"; Value = "8-Jun-2000"; VariantName = "[No Variations]"
Add component (AddParameter): Name = "Publisher"; Value = "Altium Limited"; VariantName = "[No Variations]"
Add component (AddParameter): Name = "RefFabricant"; Value = "CRCW04028K45FKED"; VariantName = "[No Variations]"
Add component (AddParameter): Name = "RefFournisseur"; Value = "2140852"; VariantName = "[No Variations]"
Add component (AddParameter): Name = "Value"; Value = "8.2K"; VariantName = "[No Variations]"
Added Component: Designator=R5(RES 0603)
Add component. Clean all parameters for all variants
Add component (AddParameter): Name = "Fabricant"; Value = "WELWYN"; VariantName = "[No Variations]"
Add component (AddParameter): Name = "Fournisseur"; Value = "Farnell"; VariantName = "[No Variations]"
Add component (AddParameter): Name = "LatestRevisionDate"; Value = "17-Jul-2002"; VariantName = "[No Variations]"
Add component (AddParameter): Name = "LatestRevisionNote"; Value = "Re-released for DXP Platform."; VariantName = "[No Variations]"
Add component (AddParameter): Name = "PackageDescription"; Value = "Axial Device, Thru-Hole; 2 Leads; 0.3 in Pin Spacing"; VariantName = "[No Variations]"
Add component (AddParameter): Name = "PackageReference"; Value = "AXIAL-0.3"; VariantName = "[No Variations]"
Add component (AddParameter): Name = "Published"; Value = "8-Jun-2000"; VariantName = "[No Variations]"
Add component (AddParameter): Name = "Publisher"; Value = "Altium Limited"; VariantName = "[No Variations]"
Add component (AddParameter): Name = "RefFabricant"; Value = "PCF0805-13-100K-B-T1"; VariantName = "[No Variations]"
Add component (AddParameter): Name = "RefFournisseur"; Value = "1108917"; VariantName = "[No Variations]"
Add component (AddParameter): Name = "Value"; Value = "100K"; VariantName = "[No Variations]"
Added Component: Designator=R6(RES 0603)
Add component. Clean all parameters for all variants
Add component (AddParameter): Name = "Fabricant"; Value = "WELWYN"; VariantName = "[No Variations]"
Add component (AddParameter): Name = "Fournisseur"; Value = "Farnell"; VariantName = "[No Variations]"
Add component (AddParameter): Name = "LatestRevisionDate"; Value = "17-Jul-2002"; VariantName = "[No Variations]"
Add component (AddParameter): Name = "LatestRevisionNote"; Value = "Re-released for DXP Platform."; VariantName = "[No Variations]"
Add component (AddParameter): Name = "PackageDescription"; Value = "Axial Device, Thru-Hole; 2 Leads; 0.3 in Pin Spacing"; VariantName = "[No Variations]"
Add component (AddParameter): Name = "PackageReference"; Value = "AXIAL-0.3"; VariantName = "[No Variations]"
Add component (AddParameter): Name = "Published"; Value = "8-Jun-2000"; VariantName = "[No Variations]"
Add component (AddParameter): Name = "Publisher"; Value = "Altium Limited"; VariantName = "[No Variations]"
Add component (AddParameter): Name = "RefFabricant"; Value = "PCF0805R-38K3BT1"; VariantName = "[No Variations]"
Add component (AddParameter): Name = "RefFournisseur"; Value = "1353268"; VariantName = "[No Variations]"
Add component (AddParameter): Name = "Value"; Value = "1K"; VariantName = "[No Variations]"
Added Component: Designator=R7(RES 0603)
Add component. Clean all parameters for all variants
Add component (AddParameter): Name = "Fabricant"; Value = "WELWYN"; VariantName = "[No Variations]"
Add component (AddParameter): Name = "Fournisseur"; Value = "Farnell"; VariantName = "[No Variations]"
Add component (AddParameter): Name = "LatestRevisionDate"; Value = "17-Jul-2002"; VariantName = "[No Variations]"
Add component (AddParameter): Name = "LatestRevisionNote"; Value = "Re-released for DXP Platform."; VariantName = "[No Variations]"
Add component (AddParameter): Name = "PackageDescription"; Value = "Axial Device, Thru-Hole; 2 Leads; 0.3 in Pin Spacing"; VariantName = "[No Variations]"
Add component (AddParameter): Name = "PackageReference"; Value = "AXIAL-0.3"; VariantName = "[No Variations]"
Add component (AddParameter): Name = "Published"; Value = "8-Jun-2000"; VariantName = "[No Variations]"
Add component (AddParameter): Name = "Publisher"; Value = "Altium Limited"; VariantName = "[No Variations]"
Add component (AddParameter): Name = "RefFabricant"; Value = "PCF0805-13-100K-B-T1"; VariantName = "[No Variations]"
Add component (AddParameter): Name = "RefFournisseur"; Value = "1108917"; VariantName = "[No Variations]"
Add component (AddParameter): Name = "Value"; Value = "100K"; VariantName = "[No Variations]"
Added Component: Designator=R8(RES 0603)
Add component. Clean all parameters for all variants
Add component (AddParameter): Name = "Fabricant"; Value = "WELWYN"; VariantName = "[No Variations]"
Add component (AddParameter): Name = "Fournisseur"; Value = "Farnell"; VariantName = "[No Variations]"
Add component (AddParameter): Name = "LatestRevisionDate"; Value = "17-Jul-2002"; VariantName = "[No Variations]"
Add component (AddParameter): Name = "LatestRevisionNote"; Value = "Re-released for DXP Platform."; VariantName = "[No Variations]"
Add component (AddParameter): Name = "PackageDescription"; Value = "Axial Device, Thru-Hole; 2 Leads; 0.3 in Pin Spacing"; VariantName = "[No Variations]"
Add component (AddParameter): Name = "PackageReference"; Value = "AXIAL-0.3"; VariantName = "[No Variations]"
Add component (AddParameter): Name = "Published"; Value = "8-Jun-2000"; VariantName = "[No Variations]"
Add component (AddParameter): Name = "Publisher"; Value = "Altium Limited"; VariantName = "[No Variations]"
Add component (AddParameter): Name = "RefFabricant"; Value = "PCF0805R-38K3BT1"; VariantName = "[No Variations]"
Add component (AddParameter): Name = "RefFournisseur"; Value = "1353268"; VariantName = "[No Variations]"
Add component (AddParameter): Name = "Value"; Value = "1K"; VariantName = "[No Variations]"
Added Component: Designator=R9(RES 0603)
Add component. Clean all parameters for all variants
Add component (AddParameter): Name = "Fabricant"; Value = "WELWYN"; VariantName = "[No Variations]"
Add component (AddParameter): Name = "Fournisseur"; Value = "Farnell"; VariantName = "[No Variations]"
Add component (AddParameter): Name = "LatestRevisionDate"; Value = "17-Jul-2002"; VariantName = "[No Variations]"
Add component (AddParameter): Name = "LatestRevisionNote"; Value = "Re-released for DXP Platform."; VariantName = "[No Variations]"
Add component (AddParameter): Name = "PackageDescription"; Value = "Axial Device, Thru-Hole; 2 Leads; 0.3 in Pin Spacing"; VariantName = "[No Variations]"
Add component (AddParameter): Name = "PackageReference"; Value = "AXIAL-0.3"; VariantName = "[No Variations]"
Add component (AddParameter): Name = "Published"; Value = "8-Jun-2000"; VariantName = "[No Variations]"
Add component (AddParameter): Name = "Publisher"; Value = "Altium Limited"; VariantName = "[No Variations]"
Add component (AddParameter): Name = "RefFabricant"; Value = "PCF0805-13-100K-B-T1"; VariantName = "[No Variations]"
Add component (AddParameter): Name = "RefFournisseur"; Value = "1108917"; VariantName = "[No Variations]"
Add component (AddParameter): Name = "Value"; Value = "100K"; VariantName = "[No Variations]"
Added Component: Designator=R12(RES 0603)
Add component. Clean all parameters for all variants
Add component (AddParameter): Name = "Fabricant"; Value = "WELWYN"; VariantName = "[No Variations]"
Add component (AddParameter): Name = "Fournisseur"; Value = "Farnell"; VariantName = "[No Variations]"
Add component (AddParameter): Name = "LatestRevisionDate"; Value = "17-Jul-2002"; VariantName = "[No Variations]"
Add component (AddParameter): Name = "LatestRevisionNote"; Value = "Re-released for DXP Platform."; VariantName = "[No Variations]"
Add component (AddParameter): Name = "PackageDescription"; Value = "Axial Device, Thru-Hole; 2 Leads; 0.3 in Pin Spacing"; VariantName = "[No Variations]"
Add component (AddParameter): Name = "PackageReference"; Value = "AXIAL-0.3"; VariantName = "[No Variations]"
Add component (AddParameter): Name = "Precision"; Value = "1%"; VariantName = "[No Variations]"
Add component (AddParameter): Name = "Published"; Value = "8-Jun-2000"; VariantName = "[No Variations]"
Add component (AddParameter): Name = "Publisher"; Value = "Altium Limited"; VariantName = "[No Variations]"
Add component (AddParameter): Name = "RefFabricant"; Value = "PCF0805-13-470R-B-T1"; VariantName = "[No Variations]"
Add component (AddParameter): Name = "RefFournisseur"; Value = "1108854"; VariantName = "[No Variations]"
Add component (AddParameter): Name = "Value"; Value = "20R"; VariantName = "[No Variations]"
Added Component: Designator=R13(RES 0603)
Add component. Clean all parameters for all variants
Add component (AddParameter): Name = "Fabricant"; Value = "VISHAY"; VariantName = "[No Variations]"
Add component (AddParameter): Name = "Fournisseur"; Value = "Farnell"; VariantName = "[No Variations]"
Add component (AddParameter): Name = "LatestRevisionDate"; Value = "17-Jul-2002"; VariantName = "[No Variations]"
Add component (AddParameter): Name = "LatestRevisionNote"; Value = "Re-released for DXP Platform."; VariantName = "[No Variations]"
Add component (AddParameter): Name = "PackageDescription"; Value = "Axial Device, Thru-Hole; 2 Leads; 0.3 in Pin Spacing"; VariantName = "[No Variations]"
Add component (AddParameter): Name = "PackageReference"; Value = "AXIAL-0.3"; VariantName = "[No Variations]"
Add component (AddParameter): Name = "Published"; Value = "8-Jun-2000"; VariantName = "[No Variations]"
Add component (AddParameter): Name = "Publisher"; Value = "Altium Limited"; VariantName = "[No Variations]"
Add component (AddParameter): Name = "RefFabricant"; Value = "CRCW040228K0FKED"; VariantName = "[No Variations]"
Add component (AddParameter): Name = "RefFournisseur"; Value = "2140888"; VariantName = "[No Variations]"
Add component (AddParameter): Name = "Value"; Value = "1K"; VariantName = "[No Variations]"
Added Component: Designator=R14(RES 0603)
Add component. Clean all parameters for all variants
Add component (AddParameter): Name = "Fabricant"; Value = "VISHAY"; VariantName = "[No Variations]"
Add component (AddParameter): Name = "Fournisseur"; Value = "Farnell"; VariantName = "[No Variations]"
Add component (AddParameter): Name = "LatestRevisionDate"; Value = "17-Jul-2002"; VariantName = "[No Variations]"
Add component (AddParameter): Name = "LatestRevisionNote"; Value = "Re-released for DXP Platform."; VariantName = "[No Variations]"
Add component (AddParameter): Name = "PackageDescription"; Value = "Axial Device, Thru-Hole; 2 Leads; 0.3 in Pin Spacing"; VariantName = "[No Variations]"
Add component (AddParameter): Name = "PackageReference"; Value = "AXIAL-0.3"; VariantName = "[No Variations]"
Add component (AddParameter): Name = "Published"; Value = "8-Jun-2000"; VariantName = "[No Variations]"
Add component (AddParameter): Name = "Publisher"; Value = "Altium Limited"; VariantName = "[No Variations]"
Add component (AddParameter): Name = "RefFabricant"; Value = "CRCW04028K45FKED"; VariantName = "[No Variations]"
Add component (AddParameter): Name = "RefFournisseur"; Value = "2140852"; VariantName = "[No Variations]"
Add component (AddParameter): Name = "Value"; Value = "150R"; VariantName = "[No Variations]"
Added Component: Designator=R15(RES 0603)
Add component. Clean all parameters for all variants
Add component (AddParameter): Name = "Fabricant"; Value = "VISHAY"; VariantName = "[No Variations]"
Add component (AddParameter): Name = "Fournisseur"; Value = "Farnell"; VariantName = "[No Variations]"
Add component (AddParameter): Name = "LatestRevisionDate"; Value = "17-Jul-2002"; VariantName = "[No Variations]"
Add component (AddParameter): Name = "LatestRevisionNote"; Value = "Re-released for DXP Platform."; VariantName = "[No Variations]"
Add component (AddParameter): Name = "PackageDescription"; Value = "Axial Device, Thru-Hole; 2 Leads; 0.3 in Pin Spacing"; VariantName = "[No Variations]"
Add component (AddParameter): Name = "PackageReference"; Value = "AXIAL-0.3"; VariantName = "[No Variations]"
Add component (AddParameter): Name = "Published"; Value = "8-Jun-2000"; VariantName = "[No Variations]"
Add component (AddParameter): Name = "Publisher"; Value = "Altium Limited"; VariantName = "[No Variations]"
Add component (AddParameter): Name = "RefFabricant"; Value = "CRCW04028K45FKED"; VariantName = "[No Variations]"
Add component (AddParameter): Name = "RefFournisseur"; Value = "2140852"; VariantName = "[No Variations]"
Add component (AddParameter): Name = "Value"; Value = "100R"; VariantName = "[No Variations]"
Added Component: Designator=U1(LCD)
Add component. Clean all parameters for all variants
Add component (AddParameter): Name = "Fabricant"; Value = "FORDATA"; VariantName = "[No Variations]"
Add component (AddParameter): Name = "Fournisseur"; Value = "Farnell"; VariantName = "[No Variations]"
Add component (AddParameter): Name = "RefFabricant"; Value = "FDCC1602L-NSWBBW-91LE"; VariantName = "[No Variations]"
Add component (AddParameter): Name = "RefFournisseur"; Value = "1847941"; VariantName = "[No Variations]"
Added Component: Designator=U2(SOIC (28))
Add component. Clean all parameters for all variants
Add component (AddParameter): Name = "Fabricant"; Value = "MICROCHIP"; VariantName = "[No Variations]"
Add component (AddParameter): Name = "Fournisseur"; Value = "Farnell"; VariantName = "[No Variations]"
Added Component: Designator=U3(Bornier 6 pin)
Add component. Clean all parameters for all variants
Add component (AddParameter): Name = "Fabricant"; Value = "STid"; VariantName = "[No Variations]"
Add component (AddParameter): Name = "Fournisseur"; Value = ""; VariantName = "[No Variations]"
Add component (AddParameter): Name = "RefFabricant"; Value = "LXM-R11"; VariantName = "[No Variations]"
Add component (AddParameter): Name = "RefFournisseur"; Value = ""; VariantName = "[No Variations]"
Added Component: Designator=U4(SOT (6))
Add component. Clean all parameters for all variants
Add component (AddParameter): Name = "Fabricant"; Value = "Texas Instruments"; VariantName = "[No Variations]"
Add component (AddParameter): Name = "Fournisseur"; Value = "Farnell"; VariantName = "[No Variations]"
Add component (AddParameter): Name = "RefFabricant"; Value = "LMR16006XDDCR"; VariantName = "[No Variations]"
Add component (AddParameter): Name = "RefFournisseur"; Value = "2542755"; VariantName = "[No Variations]"
Added Component: Designator=U5(Relay)
Add component. Clean all parameters for all variants
Add component (AddParameter): Name = "Fabricant"; Value = "TE CONNECTIVITY / OEG"; VariantName = "[No Variations]"
Add component (AddParameter): Name = "Fournisseur"; Value = "Farnell"; VariantName = "[No Variations]"
Add component (AddParameter): Name = "RefFabricant"; Value = "PCFN-112H2MS"; VariantName = "[No Variations]"
Add component (AddParameter): Name = "RefFournisseur"; Value = "2504686"; VariantName = "[No Variations]"
Added Component: Designator=U6(SOIC 8)
Add component. Clean all parameters for all variants
Add component (AddParameter): Name = "Fabricant"; Value = "MICROCHIP"; VariantName = "[No Variations]"
Add component (AddParameter): Name = "Fournisseur"; Value = "Farnell"; VariantName = "[No Variations]"
Add component (AddParameter): Name = "RefFabricant"; Value = "SST26VF032B-104I/SM"; VariantName = "[No Variations]"
Add component (AddParameter): Name = "RefFournisseur"; Value = "2471177"; VariantName = "[No Variations]"
Added Pin To Net: NetName=+12V Pin=C5-2
Added Pin To Net: NetName=+12V Pin=C8-1
Added Pin To Net: NetName=+12V Pin=D3-2
Added Pin To Net: NetName=+12V Pin=D4-2
Added Pin To Net: NetName=+12V Pin=R2-2
Added Pin To Net: NetName=+12V Pin=U3-1
Added Pin To Net: NetName=+12V Pin=U4-5
Added Net: Name=+12V
Added Pin To Net: NetName=ALIM Pin=D4-1
Added Pin To Net: NetName=ALIM Pin=P1-1
Added Net: Name=ALIM
Added Pin To Net: NetName=CE Pin=U2-2
Added Pin To Net: NetName=CE Pin=U6-1
Added Net: Name=CE
Added Pin To Net: NetName=DATA0 Pin=R5-2
Added Pin To Net: NetName=DATA0 Pin=U3-2
Added Net: Name=DATA0
Added Pin To Net: NetName=DATA1 Pin=R7-2
Added Pin To Net: NetName=DATA1 Pin=U3-3
Added Net: Name=DATA1
Added Pin To Net: NetName=DB0 Pin=U1-7
Added Pin To Net: NetName=DB0 Pin=U2-17
Added Net: Name=DB0
Added Pin To Net: NetName=DB1 Pin=U1-8
Added Pin To Net: NetName=DB1 Pin=U2-11
Added Net: Name=DB1
Added Pin To Net: NetName=DB2 Pin=U1-9
Added Pin To Net: NetName=DB2 Pin=U2-4
Added Net: Name=DB2
Added Pin To Net: NetName=DB3 Pin=U1-10
Added Pin To Net: NetName=DB3 Pin=U2-7
Added Net: Name=DB3
Added Pin To Net: NetName=DISABLE GREEN Pin=U2-12
Added Net: Name=DISABLE GREEN
Added Pin To Net: NetName=DISABLE RED Pin=U2-24
Added Net: Name=DISABLE RED
Added Pin To Net: NetName=E Pin=U1-6
Added Pin To Net: NetName=E Pin=U2-6
Added Net: Name=E
Added Pin To Net: NetName=GND Pin=C1-1
Added Pin To Net: NetName=GND Pin=C2-1
Added Pin To Net: NetName=GND Pin=C3-1
Added Pin To Net: NetName=GND Pin=C4-2
Added Pin To Net: NetName=GND Pin=C5-1
Added Pin To Net: NetName=GND Pin=C8-2
Added Pin To Net: NetName=GND Pin=C9-2
Added Pin To Net: NetName=GND Pin=D1-2
Added Pin To Net: NetName=GND Pin=D2-1
Added Pin To Net: NetName=GND Pin=J1-3
Added Pin To Net: NetName=GND Pin=J2-1
Added Pin To Net: NetName=GND Pin=P1-2
Added Pin To Net: NetName=GND Pin=R6-1
Added Pin To Net: NetName=GND Pin=R8-1
Added Pin To Net: NetName=GND Pin=R9-2
Added Pin To Net: NetName=GND Pin=R15-1
Added Pin To Net: NetName=GND Pin=U1-1
Added Pin To Net: NetName=GND Pin=U1-16
Added Pin To Net: NetName=GND Pin=U2-8
Added Pin To Net: NetName=GND Pin=U2-19
Added Pin To Net: NetName=GND Pin=U2-27
Added Pin To Net: NetName=GND Pin=U3-6
Added Pin To Net: NetName=GND Pin=U4-2
Added Pin To Net: NetName=GND Pin=U6-4
Added Net: Name=GND
Added Pin To Net: NetName=GREEN LED Pin=U3-5
Added Net: Name=GREEN LED
Added Pin To Net: NetName=L/N Pin=j3-1
Added Net: Name=L/N
Added Pin To Net: NetName=MCLR Pin=J1-1
Added Pin To Net: NetName=MCLR Pin=R1-1
Added Pin To Net: NetName=MCLR Pin=U2-1
Added Net: Name=MCLR
Added Pin To Net: NetName=MISO Pin=U2-9
Added Pin To Net: NetName=MISO Pin=U6-2
Added Net: Name=MISO
Added Pin To Net: NetName=MOSI Pin=U2-22
Added Pin To Net: NetName=MOSI Pin=U6-5
Added Net: Name=MOSI
Added Pin To Net: NetName=NetC3_2 Pin=C3-2
Added Pin To Net: NetName=NetC3_2 Pin=C4-1
Added Pin To Net: NetName=NetC3_2 Pin=U2-20
Added Net: Name=NetC3_2
Added Pin To Net: NetName=NetC7_1 Pin=C7-1
Added Pin To Net: NetName=NetC7_1 Pin=U4-1
Added Net: Name=NetC7_1
Added Pin To Net: NetName=NetD1_1 Pin=D1-1
Added Pin To Net: NetName=NetD1_1 Pin=R12-1
Added Net: Name=NetD1_1
Added Pin To Net: NetName=NetD3_1 Pin=D3-1
Added Net: Name=NetD3_1
Added Pin To Net: NetName=NetR2_1 Pin=R2-1
Added Pin To Net: NetName=NetR2_1 Pin=R12-2
Added Net: Name=NetR2_1
Added Pin To Net: NetName=NetR3_1 Pin=R3-1
Added Pin To Net: NetName=NetR3_1 Pin=R13-2
Added Net: Name=NetR3_1
Added Pin To Net: NetName=NetR4_1 Pin=R4-1
Added Pin To Net: NetName=NetR4_1 Pin=R14-2
Added Net: Name=NetR4_1
Added Pin To Net: NetName=NetR4_2 Pin=R4-2
Added Pin To Net: NetName=NetR4_2 Pin=R13-1
Added Pin To Net: NetName=NetR4_2 Pin=U4-3
Added Net: Name=NetR4_2
Added Pin To Net: NetName=NetR5_1 Pin=R5-1
Added Pin To Net: NetName=NetR5_1 Pin=R6-2
Added Pin To Net: NetName=NetR5_1 Pin=U2-16
Added Net: Name=NetR5_1
Added Pin To Net: NetName=NetR7_1 Pin=R7-1
Added Pin To Net: NetName=NetR7_1 Pin=R8-2
Added Pin To Net: NetName=NetR7_1 Pin=U2-18
Added Net: Name=NetR7_1
Added Pin To Net: NetName=NetR14_1 Pin=R14-1
Added Pin To Net: NetName=NetR14_1 Pin=R15-2
Added Net: Name=NetR14_1
Added Pin To Net: NetName=OUT Pin=j3-2
Added Net: Name=OUT
Added Pin To Net: NetName=PGC Pin=J1-5
Added Pin To Net: NetName=PGC Pin=U2-10
Added Net: Name=PGC
Added Pin To Net: NetName=PGD Pin=J1-4
Added Pin To Net: NetName=PGD Pin=U2-3
Added Net: Name=PGD
Added Pin To Net: NetName=R/W Pin=U1-5
Added Pin To Net: NetName=R/W Pin=U2-5
Added Net: Name=R/W
Added Pin To Net: NetName=RED LED Pin=U3-4
Added Net: Name=RED LED
Added Pin To Net: NetName=RELAY Pin=R9-1
Added Pin To Net: NetName=RELAY Pin=U2-14
Added Net: Name=RELAY
Added Pin To Net: NetName=RS Pin=U1-4
Added Pin To Net: NetName=RS Pin=U2-21
Added Net: Name=RS
Added Pin To Net: NetName=SCK Pin=U2-26
Added Pin To Net: NetName=SCK Pin=U6-6
Added Net: Name=SCK
Added Pin To Net: NetName=TX Pin=J2-5
Added Pin To Net: NetName=TX Pin=U2-25
Added Net: Name=TX
Added Pin To Net: NetName=V3P3A Pin=C2-2
Added Pin To Net: NetName=V3P3A Pin=C9-1
Added Pin To Net: NetName=V3P3A Pin=L1-2
Added Pin To Net: NetName=V3P3A Pin=R3-2
Added Pin To Net: NetName=V3P3A Pin=U1-2
Added Pin To Net: NetName=V3P3A Pin=U1-15
Added Pin To Net: NetName=V3P3A Pin=U2-28
Added Pin To Net: NetName=V3P3A Pin=U6-3
Added Pin To Net: NetName=V3P3A Pin=U6-7
Added Pin To Net: NetName=V3P3A Pin=U6-8
Added Net: Name=V3P3A
Added Pin To Net: NetName=V3P3 Pin=C1-2
Added Pin To Net: NetName=V3P3 Pin=C7-2
Added Pin To Net: NetName=V3P3 Pin=J1-2
Added Pin To Net: NetName=V3P3 Pin=L1-1
Added Pin To Net: NetName=V3P3 Pin=R1-2
Added Pin To Net: NetName=V3P3 Pin=U2-13
Added Pin To Net: NetName=V3P3 Pin=U2-23
Added Pin To Net: NetName=V3P3 Pin=U4-4
Added Net: Name=V3P3
Added Class: Name=Designator
Added Class: Name=Flash
Added Class: Name=LCD
Added Class: Name=PIC
Added Class: Name=Reader
Added Class: Name=Relay
Added Room: Name=Designator
Added Room: Name=Flash
Added Room: Name=LCD
Added Room: Name=PIC
Added Room: Name=Reader
Added Room: Name=Relay
